IP Upgrade report for CoCo_neptuno
Mon Mar  4 02:52:37 2024
Quartus Prime Version 18.1.1 Build 646 04/11/2019 SJ Lite Edition


---------------------
; Table of Contents ;
---------------------
  1. Legal Notice
  2. IP Upgrade Summary
  3. Successfully Upgraded IP Components
  4. IP Upgrade Messages



----------------
; Legal Notice ;
----------------
Copyright (C) 2019  Intel Corporation. All rights reserved.
Your use of Intel Corporation's design tools, logic functions 
and other software and tools, and any partner logic 
functions, and any output files from any of the foregoing 
(including device programming or simulation files), and any 
associated documentation or information are expressly subject 
to the terms and conditions of the Intel Program License 
Subscription Agreement, the Intel Quartus Prime License Agreement,
the Intel FPGA IP License Agreement, or other applicable license
agreement, including, without limitation, that your use is for
the sole purpose of programming logic devices manufactured by
Intel and sold by Intel or its authorized distributors.  Please
refer to the applicable agreement for further details, at
https://fpgasoftware.intel.com/eula.



+----------------------------------------------------------------------------+
; IP Upgrade Summary                                                         ;
+------------------------------+---------------------------------------------+
; IP Components Upgrade Status ; Passed - Mon Mar  4 02:52:37 2024           ;
; Quartus Prime Version        ; 18.1.1 Build 646 04/11/2019 SJ Lite Edition ;
; Revision Name                ; CoCo_neptuno                                ;
; Top-level Entity Name        ; neptuno_top                                 ;
; Family                       ; Cyclone IV E                                ;
+------------------------------+---------------------------------------------+


+-------------------------------------------------------------------------------------------------------------------------------------------------------------------------------------------------------------------------------------------------------------------+
; Successfully Upgraded IP Components                                                                                                                                                                                                                               ;
+-------------------+----------------+---------+----------------------------------------------------------------------------+--------------------------------------------------------------+--------------------------------------------------------------+---------+
; Entity Name       ; Component Name ; Version ; Original Source File                                                       ; Generation File Path                                         ; New Source File                                              ; Message ;
+-------------------+----------------+---------+----------------------------------------------------------------------------+--------------------------------------------------------------+--------------------------------------------------------------+---------+
; debug_virtualjtag ; Virtual JTAG   ; 13.0    ; ../DeMiSTify/controller/../EightThirtyTwo/RTL/altera/debug_virtualjtag.qip ; ../DeMiSTify/EightThirtyTwo/RTL/altera/debug_virtualjtag.vhd ; ../DeMiSTify/EightThirtyTwo/RTL/altera/debug_virtualjtag.qip ;         ;
+-------------------+----------------+---------+----------------------------------------------------------------------------+--------------------------------------------------------------+--------------------------------------------------------------+---------+


+---------------------+
; IP Upgrade Messages ;
+---------------------+
Info (11902): Backing up file "../DeMiSTify/EightThirtyTwo/RTL/altera/debug_virtualjtag.vhd" to "../DeMiSTify/EightThirtyTwo/RTL/altera/debug_virtualjtag.BAK.vhd"
Info (11837): Started upgrading IP component Virtual JTAG with file "../DeMiSTify/EightThirtyTwo/RTL/altera/debug_virtualjtag.vhd"
Info (11131): Completed upgrading IP component Virtual JTAG with file "../DeMiSTify/EightThirtyTwo/RTL/altera/debug_virtualjtag.vhd"
Info (23030): Evaluation of Tcl script /opt/altera/18.1/quartus/common/tcl/internal/ip_regen/ip_regen.tcl was successful
Info: Quartus Prime Shell was successful. 0 errors, 2 warnings
    Info: Peak virtual memory: 1034 megabytes
    Info: Processing ended: Mon Mar  4 02:52:37 2024
    Info: Elapsed time: 00:00:11
    Info: Total CPU time (on all processors): 00:00:27


