Info: *******************************************************************
Info: Running Quartus Prime Shell
    Info: Version 18.1.1 Build 646 04/11/2019 SJ Lite Edition
    Info: Copyright (C) 2019  Intel Corporation. All rights reserved.
    Info: Your use of Intel Corporation's design tools, logic functions 
    Info: and other software and tools, and any partner logic 
    Info: functions, and any output files from any of the foregoing 
    Info: (including device programming or simulation files), and any 
    Info: associated documentation or information are expressly subject 
    Info: to the terms and conditions of the Intel Program License 
    Info: Subscription Agreement, the Intel Quartus Prime License Agreement,
    Info: the Intel FPGA IP License Agreement, or other applicable license
    Info: agreement, including, without limitation, that your use is for
    Info: the sole purpose of programming logic devices manufactured by
    Info: Intel and sold by Intel or its authorized distributors.  Please
    Info: refer to the applicable agreement for further details, at
    Info: https://fpgasoftware.intel.com/eula.
    Info: Processing started: Mon Mar  4 19:11:38 2024
Info: Command: quartus_sh -t ..//DeMiSTify/Scripts/mkproject.tcl -project CoCo -board neptuno -rootpath ../
Info: Quartus(args): -project CoCo -board neptuno -rootpath ../
Warning (125092): Tcl Script File top.qip not found
    Info (125063): set_global_assignment -name QIP_FILE top.qip
Warning (125092): Tcl Script File ../CoCo.qip not found
    Info (125063): set_global_assignment -name QIP_FILE ../CoCo.qip
Info (125061): Changed top-level design entity name to "neptuno_top"
Warning (125096): Overriding device family setting Cyclone V -- part EP4CE55F23C8 belongs to device family Cyclone IV E
    Info (125063): set_global_assignment -name DEVICE EP4CE55F23C8
Board-specific project override not found, or contains errors.
Info (23030): Evaluation of Tcl script ..//DeMiSTify/Scripts/mkproject.tcl was successful
Info: Quartus Prime Shell was successful. 0 errors, 3 warnings
    Info: Peak virtual memory: 913 megabytes
    Info: Processing ended: Mon Mar  4 19:11:39 2024
    Info: Elapsed time: 00:00:01
    Info: Total CPU time (on all processors): 00:00:01
